c:\users\ratslayer\documents\visual studio 2013\projects\comp477project\comp477project\debug\comp477project.pch
c:\users\ratslayer\documents\visual studio 2013\projects\comp477project\comp477project\debug\vc120.pdb
c:\users\ratslayer\documents\visual studio 2013\projects\comp477project\comp477project\debug\vc120.idb
c:\users\ratslayer\documents\visual studio 2013\projects\comp477project\comp477project\debug\stdafx.obj
c:\users\ratslayer\documents\visual studio 2013\projects\comp477project\comp477project\debug\assetmanager.obj
c:\users\ratslayer\documents\visual studio 2013\projects\comp477project\comp477project\debug\camera.obj
c:\users\ratslayer\documents\visual studio 2013\projects\comp477project\comp477project\debug\comp477project.obj
c:\users\ratslayer\documents\visual studio 2013\projects\comp477project\comp477project\debug\configscanner.obj
c:\users\ratslayer\documents\visual studio 2013\projects\comp477project\comp477project\debug\effect.obj
c:\users\ratslayer\documents\visual studio 2013\projects\comp477project\comp477project\debug\filehelper.obj
c:\users\ratslayer\documents\visual studio 2013\projects\comp477project\comp477project\debug\fragmentshader.obj
c:\users\ratslayer\documents\visual studio 2013\projects\comp477project\comp477project\debug\gameobject.obj
c:\users\ratslayer\documents\visual studio 2013\projects\comp477project\comp477project\debug\material.obj
c:\users\ratslayer\documents\visual studio 2013\projects\comp477project\comp477project\debug\mesh.obj
c:\users\ratslayer\documents\visual studio 2013\projects\comp477project\comp477project\debug\model.obj
c:\users\ratslayer\documents\visual studio 2013\projects\comp477project\comp477project\debug\renderer.obj
c:\users\ratslayer\documents\visual studio 2013\projects\comp477project\comp477project\debug\scanner.obj
c:\users\ratslayer\documents\visual studio 2013\projects\comp477project\comp477project\debug\shader.obj
c:\users\ratslayer\documents\visual studio 2013\projects\comp477project\comp477project\debug\texture.obj
c:\users\ratslayer\documents\visual studio 2013\projects\comp477project\comp477project\debug\vec2.obj
c:\users\ratslayer\documents\visual studio 2013\projects\comp477project\comp477project\debug\vec4.obj
c:\users\ratslayer\documents\visual studio 2013\projects\comp477project\comp477project\debug\vertexshader.obj
c:\users\ratslayer\documents\visual studio 2013\projects\comp477project\comp477project\debug\window.obj
c:\users\ratslayer\documents\visual studio 2013\projects\comp477project\comp477project\debug\actor.obj
c:\users\ratslayer\documents\visual studio 2013\projects\comp477project\comp477project\debug\asset.obj
c:\users\ratslayer\documents\visual studio 2013\projects\comp477project\comp477project\debug\assetloader.obj
c:\users\ratslayer\documents\visual studio 2013\projects\comp477project\comp477project\debug\mat44.obj
c:\users\ratslayer\documents\visual studio 2013\projects\comp477project\comp477project\debug\stringscanner.obj
c:\users\ratslayer\documents\visual studio 2013\projects\comp477project\comp477project\debug\bindingcollection.obj
c:\users\ratslayer\documents\visual studio 2013\projects\comp477project\comp477project\debug\scene.obj
c:\users\ratslayer\documents\visual studio 2013\projects\comp477project\comp477project\debug\framebuffer.obj
c:\users\ratslayer\documents\visual studio 2013\projects\comp477project\debug\comp477project.ilk
c:\users\ratslayer\documents\visual studio 2013\projects\comp477project\debug\comp477project.exe
c:\users\ratslayer\documents\visual studio 2013\projects\comp477project\debug\comp477project.pdb
c:\users\ratslayer\documents\visual studio 2013\projects\comp477project\comp477project\debug\comp477project.tlog\cl.command.1.tlog
c:\users\ratslayer\documents\visual studio 2013\projects\comp477project\comp477project\debug\comp477project.tlog\cl.read.1.tlog
c:\users\ratslayer\documents\visual studio 2013\projects\comp477project\comp477project\debug\comp477project.tlog\cl.write.1.tlog
c:\users\ratslayer\documents\visual studio 2013\projects\comp477project\comp477project\debug\comp477project.tlog\link.command.1.tlog
c:\users\ratslayer\documents\visual studio 2013\projects\comp477project\comp477project\debug\comp477project.tlog\link.read.1.tlog
c:\users\ratslayer\documents\visual studio 2013\projects\comp477project\comp477project\debug\comp477project.tlog\link.write.1.tlog
